<?xml version="1.0" encoding="UTF-8"?>
<coverage generated="1623537890">
  <project timestamp="1623537890">
    <file name="/Users/davidnoleto/Desktop/api-slim4/src/Action/Home/HomeAction.php">
      <class name="App\Action\Home\HomeAction" namespace="global">
        <metrics complexity="2" methods="2" coveredmethods="2" conditionals="0" coveredconditionals="0" statements="3" coveredstatements="3" elements="5" coveredelements="5"/>
      </class>
      <line num="21" type="method" name="__construct" visibility="public" complexity="1" crap="1" count="1"/>
      <line num="23" type="stmt" count="1"/>
      <line num="24" type="stmt" count="1"/>
      <line num="34" type="method" name="__invoke" visibility="public" complexity="1" crap="1" count="1"/>
      <line num="36" type="stmt" count="1"/>
      <metrics loc="38" ncloc="22" classes="1" methods="2" coveredmethods="2" conditionals="0" coveredconditionals="0" statements="3" coveredstatements="3" elements="5" coveredelements="5"/>
    </file>
    <file name="/Users/davidnoleto/Desktop/api-slim4/src/Action/OpenApi/Version1DocAction.php">
      <class name="App\Action\OpenApi\Version1DocAction" namespace="global">
        <metrics complexity="2" methods="2" coveredmethods="2" conditionals="0" coveredconditionals="0" statements="6" coveredstatements="6" elements="8" coveredelements="8"/>
      </class>
      <line num="22" type="method" name="__construct" visibility="public" complexity="1" crap="1" count="1"/>
      <line num="24" type="stmt" count="1"/>
      <line num="25" type="stmt" count="1"/>
      <line num="35" type="method" name="__invoke" visibility="public" complexity="1" crap="1" count="1"/>
      <line num="40" type="stmt" count="1"/>
      <line num="42" type="stmt" count="1"/>
      <line num="43" type="stmt" count="1"/>
      <line num="46" type="stmt" count="1"/>
      <metrics loc="48" ncloc="32" classes="1" methods="2" coveredmethods="2" conditionals="0" coveredconditionals="0" statements="6" coveredstatements="6" elements="8" coveredelements="8"/>
    </file>
    <file name="/Users/davidnoleto/Desktop/api-slim4/src/Action/Package/PackageCreateAction.php">
      <class name="App\Action\Package\PackageCreateAction" namespace="global">
        <metrics complexity="2" methods="2" coveredmethods="0" conditionals="0" coveredconditionals="0" statements="8" coveredstatements="0" elements="10" coveredelements="0"/>
      </class>
      <line num="26" type="method" name="__construct" visibility="public" complexity="1" crap="2" count="0"/>
      <line num="28" type="stmt" count="0"/>
      <line num="29" type="stmt" count="0"/>
      <line num="30" type="stmt" count="0"/>
      <line num="40" type="method" name="__invoke" visibility="public" complexity="1" crap="2" count="0"/>
      <line num="43" type="stmt" count="0"/>
      <line num="46" type="stmt" count="0"/>
      <line num="49" type="stmt" count="0"/>
      <line num="50" type="stmt" count="0"/>
      <line num="51" type="stmt" count="0"/>
      <metrics loc="53" ncloc="36" classes="1" methods="2" coveredmethods="0" conditionals="0" coveredconditionals="0" statements="8" coveredstatements="0" elements="10" coveredelements="0"/>
    </file>
    <file name="/Users/davidnoleto/Desktop/api-slim4/src/Action/User/UserCreateAction.php">
      <class name="App\Action\User\UserCreateAction" namespace="global">
        <metrics complexity="2" methods="2" coveredmethods="2" conditionals="0" coveredconditionals="0" statements="8" coveredstatements="8" elements="10" coveredelements="10"/>
      </class>
      <line num="26" type="method" name="__construct" visibility="public" complexity="1" crap="1" count="2"/>
      <line num="28" type="stmt" count="2"/>
      <line num="29" type="stmt" count="2"/>
      <line num="30" type="stmt" count="2"/>
      <line num="40" type="method" name="__invoke" visibility="public" complexity="1" crap="1" count="2"/>
      <line num="43" type="stmt" count="2"/>
      <line num="46" type="stmt" count="2"/>
      <line num="49" type="stmt" count="1"/>
      <line num="50" type="stmt" count="1"/>
      <line num="51" type="stmt" count="1"/>
      <metrics loc="53" ncloc="36" classes="1" methods="2" coveredmethods="2" conditionals="0" coveredconditionals="0" statements="8" coveredstatements="8" elements="10" coveredelements="10"/>
    </file>
    <file name="/Users/davidnoleto/Desktop/api-slim4/src/Action/User/UserDeleteAction.php">
      <class name="App\Action\User\UserDeleteAction" namespace="global">
        <metrics complexity="2" methods="2" coveredmethods="2" conditionals="0" coveredconditionals="0" statements="6" coveredstatements="6" elements="8" coveredelements="8"/>
      </class>
      <line num="25" type="method" name="__construct" visibility="public" complexity="1" crap="1" count="1"/>
      <line num="27" type="stmt" count="1"/>
      <line num="28" type="stmt" count="1"/>
      <line num="29" type="stmt" count="1"/>
      <line num="40" type="method" name="__invoke" visibility="public" complexity="1" crap="1" count="1"/>
      <line num="46" type="stmt" count="1"/>
      <line num="49" type="stmt" count="1"/>
      <line num="52" type="stmt" count="1"/>
      <metrics loc="54" ncloc="36" classes="1" methods="2" coveredmethods="2" conditionals="0" coveredconditionals="0" statements="6" coveredstatements="6" elements="8" coveredelements="8"/>
    </file>
    <file name="/Users/davidnoleto/Desktop/api-slim4/src/Action/User/UserFindAction.php">
      <class name="App\Action\User\UserFindAction" namespace="global">
        <metrics complexity="4" methods="3" coveredmethods="3" conditionals="0" coveredconditionals="0" statements="19" coveredstatements="19" elements="22" coveredelements="22"/>
      </class>
      <line num="25" type="method" name="__construct" visibility="public" complexity="1" crap="1" count="1"/>
      <line num="27" type="stmt" count="1"/>
      <line num="28" type="stmt" count="1"/>
      <line num="29" type="stmt" count="1"/>
      <line num="39" type="method" name="__invoke" visibility="public" complexity="1" crap="1" count="1"/>
      <line num="42" type="stmt" count="1"/>
      <line num="44" type="stmt" count="1"/>
      <line num="56" type="method" name="transform" visibility="private" complexity="2" crap="2" count="1"/>
      <line num="58" type="stmt" count="1"/>
      <line num="60" type="stmt" count="1"/>
      <line num="61" type="stmt" count="1"/>
      <line num="62" type="stmt" count="1"/>
      <line num="63" type="stmt" count="1"/>
      <line num="64" type="stmt" count="1"/>
      <line num="65" type="stmt" count="1"/>
      <line num="66" type="stmt" count="1"/>
      <line num="67" type="stmt" count="1"/>
      <line num="68" type="stmt" count="1"/>
      <line num="69" type="stmt" count="1"/>
      <line num="73" type="stmt" count="1"/>
      <line num="74" type="stmt" count="1"/>
      <line num="76" type="stmt" count="1"/>
      <metrics loc="80" ncloc="54" classes="1" methods="3" coveredmethods="3" conditionals="0" coveredconditionals="0" statements="19" coveredstatements="19" elements="22" coveredelements="22"/>
    </file>
    <file name="/Users/davidnoleto/Desktop/api-slim4/src/Action/User/UserReadAction.php">
      <class name="App\Action\User\UserReadAction" namespace="global">
        <metrics complexity="3" methods="3" coveredmethods="3" conditionals="0" coveredconditionals="0" statements="16" coveredstatements="16" elements="19" coveredelements="19"/>
      </class>
      <line num="26" type="method" name="__construct" visibility="public" complexity="1" crap="1" count="2"/>
      <line num="28" type="stmt" count="2"/>
      <line num="29" type="stmt" count="2"/>
      <line num="30" type="stmt" count="2"/>
      <line num="41" type="method" name="__invoke" visibility="public" complexity="1" crap="1" count="2"/>
      <line num="47" type="stmt" count="2"/>
      <line num="50" type="stmt" count="2"/>
      <line num="53" type="stmt" count="1"/>
      <line num="64" type="method" name="transform" visibility="private" complexity="1" crap="1" count="1"/>
      <line num="67" type="stmt" count="1"/>
      <line num="68" type="stmt" count="1"/>
      <line num="69" type="stmt" count="1"/>
      <line num="70" type="stmt" count="1"/>
      <line num="71" type="stmt" count="1"/>
      <line num="72" type="stmt" count="1"/>
      <line num="73" type="stmt" count="1"/>
      <line num="74" type="stmt" count="1"/>
      <line num="75" type="stmt" count="1"/>
      <line num="79" type="stmt" count="1"/>
      <metrics loc="81" ncloc="55" classes="1" methods="3" coveredmethods="3" conditionals="0" coveredconditionals="0" statements="16" coveredstatements="16" elements="19" coveredelements="19"/>
    </file>
    <file name="/Users/davidnoleto/Desktop/api-slim4/src/Action/User/UserUpdateAction.php">
      <class name="App\Action\User\UserUpdateAction" namespace="global">
        <metrics complexity="2" methods="2" coveredmethods="2" conditionals="0" coveredconditionals="0" statements="7" coveredstatements="7" elements="9" coveredelements="9"/>
      </class>
      <line num="25" type="method" name="__construct" visibility="public" complexity="1" crap="1" count="2"/>
      <line num="27" type="stmt" count="2"/>
      <line num="28" type="stmt" count="2"/>
      <line num="29" type="stmt" count="2"/>
      <line num="40" type="method" name="__invoke" visibility="public" complexity="1" crap="1" count="2"/>
      <line num="46" type="stmt" count="2"/>
      <line num="47" type="stmt" count="2"/>
      <line num="50" type="stmt" count="2"/>
      <line num="53" type="stmt" count="1"/>
      <metrics loc="55" ncloc="37" classes="1" methods="2" coveredmethods="2" conditionals="0" coveredconditionals="0" statements="7" coveredstatements="7" elements="9" coveredelements="9"/>
    </file>
    <file name="/Users/davidnoleto/Desktop/api-slim4/src/Console/SchemaDumpCommand.php">
      <class name="App\Console\SchemaDumpCommand" namespace="global">
        <metrics complexity="6" methods="4" coveredmethods="0" conditionals="0" coveredconditionals="0" statements="25" coveredstatements="0" elements="29" coveredelements="0"/>
      </class>
      <line num="25" type="method" name="__construct" visibility="public" complexity="1" crap="2" count="0"/>
      <line num="27" type="stmt" count="0"/>
      <line num="28" type="stmt" count="0"/>
      <line num="29" type="stmt" count="0"/>
      <line num="36" type="method" name="configure" visibility="protected" complexity="1" crap="2" count="0"/>
      <line num="38" type="stmt" count="0"/>
      <line num="40" type="stmt" count="0"/>
      <line num="41" type="stmt" count="0"/>
      <line num="42" type="stmt" count="0"/>
      <line num="52" type="method" name="execute" visibility="protected" complexity="2" crap="6" count="0"/>
      <line num="55" type="stmt" count="0"/>
      <line num="57" type="stmt" count="0"/>
      <line num="61" type="stmt" count="0"/>
      <line num="62" type="stmt" count="0"/>
      <line num="63" type="stmt" count="0"/>
      <line num="64" type="stmt" count="0"/>
      <line num="65" type="stmt" count="0"/>
      <line num="66" type="stmt" count="0"/>
      <line num="69" type="stmt" count="0"/>
      <line num="71" type="stmt" count="0"/>
      <line num="72" type="stmt" count="0"/>
      <line num="74" type="stmt" count="0"/>
      <line num="75" type="stmt" count="0"/>
      <line num="77" type="stmt" count="0"/>
      <line num="89" type="method" name="query" visibility="private" complexity="2" crap="6" count="0"/>
      <line num="91" type="stmt" count="0"/>
      <line num="93" type="stmt" count="0"/>
      <line num="94" type="stmt" count="0"/>
      <line num="97" type="stmt" count="0"/>
      <metrics loc="99" ncloc="68" classes="1" methods="4" coveredmethods="0" conditionals="0" coveredconditionals="0" statements="25" coveredstatements="0" elements="29" coveredelements="0"/>
    </file>
    <file name="/Users/davidnoleto/Desktop/api-slim4/src/Domain/Package/Data/PackageData.php">
      <class name="App\Domain\Package\Data\PackageData" namespace="global">
        <metrics complexity="1" methods="1" coveredmethods="0" conditionals="0" coveredconditionals="0" statements="5" coveredstatements="0" elements="6" coveredelements="0"/>
      </class>
      <line num="24" type="method" name="__construct" visibility="public" complexity="1" crap="2" count="0"/>
      <line num="26" type="stmt" count="0"/>
      <line num="28" type="stmt" count="0"/>
      <line num="29" type="stmt" count="0"/>
      <line num="30" type="stmt" count="0"/>
      <line num="31" type="stmt" count="0"/>
      <metrics loc="32" ncloc="24" classes="1" methods="1" coveredmethods="0" conditionals="0" coveredconditionals="0" statements="5" coveredstatements="0" elements="6" coveredelements="0"/>
    </file>
    <file name="/Users/davidnoleto/Desktop/api-slim4/src/Domain/Package/Repository/PackageRepository.php">
      <class name="App\Domain\Package\Repository\PackageRepository" namespace="global">
        <metrics complexity="8" methods="7" coveredmethods="0" conditionals="0" coveredconditionals="0" statements="31" coveredstatements="0" elements="38" coveredelements="0"/>
      </class>
      <line num="22" type="method" name="__construct" visibility="public" complexity="1" crap="2" count="0"/>
      <line num="24" type="stmt" count="0"/>
      <line num="25" type="stmt" count="0"/>
      <line num="34" type="method" name="insertPackage" visibility="public" complexity="1" crap="2" count="0"/>
      <line num="36" type="stmt" count="0"/>
      <line num="37" type="stmt" count="0"/>
      <line num="39" type="stmt" count="0"/>
      <line num="40" type="stmt" count="0"/>
      <line num="41" type="stmt" count="0"/>
      <line num="53" type="method" name="getPackageById" visibility="public" complexity="2" crap="6" count="0"/>
      <line num="55" type="stmt" count="0"/>
      <line num="56" type="stmt" count="0"/>
      <line num="58" type="stmt" count="0"/>
      <line num="64" type="stmt" count="0"/>
      <line num="66" type="stmt" count="0"/>
      <line num="68" type="stmt" count="0"/>
      <line num="69" type="stmt" count="0"/>
      <line num="72" type="stmt" count="0"/>
      <line num="82" type="method" name="updatePackage" visibility="public" complexity="1" crap="2" count="0"/>
      <line num="84" type="stmt" count="0"/>
      <line num="86" type="stmt" count="0"/>
      <line num="88" type="stmt" count="0"/>
      <line num="89" type="stmt" count="0"/>
      <line num="90" type="stmt" count="0"/>
      <line num="91" type="stmt" count="0"/>
      <line num="100" type="method" name="existsPackageId" visibility="public" complexity="1" crap="2" count="0"/>
      <line num="102" type="stmt" count="0"/>
      <line num="103" type="stmt" count="0"/>
      <line num="105" type="stmt" count="0"/>
      <line num="115" type="method" name="deletePackageById" visibility="public" complexity="1" crap="2" count="0"/>
      <line num="117" type="stmt" count="0"/>
      <line num="118" type="stmt" count="0"/>
      <line num="119" type="stmt" count="0"/>
      <line num="120" type="stmt" count="0"/>
      <line num="129" type="method" name="toRow" visibility="private" complexity="1" crap="2" count="0"/>
      <line num="132" type="stmt" count="0"/>
      <line num="133" type="stmt" count="0"/>
      <line num="134" type="stmt" count="0"/>
      <metrics loc="137" ncloc="85" classes="1" methods="7" coveredmethods="0" conditionals="0" coveredconditionals="0" statements="31" coveredstatements="0" elements="38" coveredelements="0"/>
    </file>
    <file name="/Users/davidnoleto/Desktop/api-slim4/src/Domain/Package/Service/PackageCreator.php">
      <class name="App\Domain\Package\Service\PackageCreator" namespace="global">
        <metrics complexity="2" methods="2" coveredmethods="0" conditionals="0" coveredconditionals="0" statements="10" coveredstatements="0" elements="12" coveredelements="0"/>
      </class>
      <line num="28" type="method" name="__construct" visibility="public" complexity="1" crap="2" count="0"/>
      <line num="33" type="stmt" count="0"/>
      <line num="35" type="stmt" count="0"/>
      <line num="36" type="stmt" count="0"/>
      <line num="37" type="stmt" count="0"/>
      <line num="38" type="stmt" count="0"/>
      <line num="47" type="method" name="createPackage" visibility="public" complexity="1" crap="2" count="0"/>
      <line num="50" type="stmt" count="0"/>
      <line num="53" type="stmt" count="0"/>
      <line num="56" type="stmt" count="0"/>
      <line num="59" type="stmt" count="0"/>
      <line num="61" type="stmt" count="0"/>
      <metrics loc="63" ncloc="45" classes="1" methods="2" coveredmethods="0" conditionals="0" coveredconditionals="0" statements="10" coveredstatements="0" elements="12" coveredelements="0"/>
    </file>
    <file name="/Users/davidnoleto/Desktop/api-slim4/src/Domain/User/Data/UserData.php">
      <class name="App\Domain\User\Data\UserData" namespace="global">
        <metrics complexity="1" methods="1" coveredmethods="1" conditionals="0" coveredconditionals="0" statements="11" coveredstatements="11" elements="12" coveredelements="12"/>
      </class>
      <line num="35" type="method" name="__construct" visibility="public" complexity="1" crap="1" count="4"/>
      <line num="37" type="stmt" count="4"/>
      <line num="39" type="stmt" count="4"/>
      <line num="40" type="stmt" count="4"/>
      <line num="41" type="stmt" count="4"/>
      <line num="42" type="stmt" count="4"/>
      <line num="43" type="stmt" count="4"/>
      <line num="44" type="stmt" count="4"/>
      <line num="45" type="stmt" count="4"/>
      <line num="46" type="stmt" count="4"/>
      <line num="47" type="stmt" count="4"/>
      <line num="48" type="stmt" count="4"/>
      <metrics loc="49" ncloc="41" classes="1" methods="1" coveredmethods="1" conditionals="0" coveredconditionals="0" statements="11" coveredstatements="11" elements="12" coveredelements="12"/>
    </file>
    <file name="/Users/davidnoleto/Desktop/api-slim4/src/Domain/User/Repository/UserFinderRepository.php">
      <class name="App\Domain\User\Repository\UserFinderRepository" namespace="global">
        <metrics complexity="3" methods="2" coveredmethods="2" conditionals="0" coveredconditionals="0" statements="8" coveredstatements="8" elements="10" coveredelements="10"/>
      </class>
      <line num="24" type="method" name="__construct" visibility="public" complexity="1" crap="1" count="1"/>
      <line num="26" type="stmt" count="1"/>
      <line num="27" type="stmt" count="1"/>
      <line num="28" type="stmt" count="1"/>
      <line num="35" type="method" name="findUsers" visibility="public" complexity="2" crap="2" count="1"/>
      <line num="37" type="stmt" count="1"/>
      <line num="39" type="stmt" count="1"/>
      <line num="41" type="stmt" count="1"/>
      <line num="55" type="stmt" count="1"/>
      <line num="58" type="stmt" count="1"/>
      <metrics loc="60" ncloc="46" classes="1" methods="2" coveredmethods="2" conditionals="0" coveredconditionals="0" statements="8" coveredstatements="8" elements="10" coveredelements="10"/>
    </file>
    <file name="/Users/davidnoleto/Desktop/api-slim4/src/Domain/User/Repository/UserRepository.php">
      <class name="App\Domain\User\Repository\UserRepository" namespace="global">
        <metrics complexity="8" methods="7" coveredmethods="7" conditionals="0" coveredconditionals="0" statements="38" coveredstatements="38" elements="45" coveredelements="45"/>
      </class>
      <line num="22" type="method" name="__construct" visibility="public" complexity="1" crap="1" count="7"/>
      <line num="24" type="stmt" count="7"/>
      <line num="25" type="stmt" count="7"/>
      <line num="34" type="method" name="insertUser" visibility="public" complexity="1" crap="1" count="1"/>
      <line num="36" type="stmt" count="1"/>
      <line num="37" type="stmt" count="1"/>
      <line num="39" type="stmt" count="1"/>
      <line num="40" type="stmt" count="1"/>
      <line num="41" type="stmt" count="1"/>
      <line num="53" type="method" name="getUserById" visibility="public" complexity="2" crap="2" count="2"/>
      <line num="55" type="stmt" count="2"/>
      <line num="56" type="stmt" count="2"/>
      <line num="58" type="stmt" count="2"/>
      <line num="69" type="stmt" count="2"/>
      <line num="71" type="stmt" count="2"/>
      <line num="73" type="stmt" count="2"/>
      <line num="74" type="stmt" count="1"/>
      <line num="77" type="stmt" count="1"/>
      <line num="87" type="method" name="updateUser" visibility="public" complexity="1" crap="1" count="1"/>
      <line num="89" type="stmt" count="1"/>
      <line num="92" type="stmt" count="1"/>
      <line num="94" type="stmt" count="1"/>
      <line num="96" type="stmt" count="1"/>
      <line num="97" type="stmt" count="1"/>
      <line num="98" type="stmt" count="1"/>
      <line num="99" type="stmt" count="1"/>
      <line num="108" type="method" name="existsUserId" visibility="public" complexity="1" crap="1" count="2"/>
      <line num="110" type="stmt" count="2"/>
      <line num="111" type="stmt" count="2"/>
      <line num="113" type="stmt" count="2"/>
      <line num="123" type="method" name="deleteUserById" visibility="public" complexity="1" crap="1" count="1"/>
      <line num="125" type="stmt" count="1"/>
      <line num="126" type="stmt" count="1"/>
      <line num="127" type="stmt" count="1"/>
      <line num="128" type="stmt" count="1"/>
      <line num="137" type="method" name="toRow" visibility="private" complexity="1" crap="1" count="2"/>
      <line num="140" type="stmt" count="2"/>
      <line num="141" type="stmt" count="2"/>
      <line num="142" type="stmt" count="2"/>
      <line num="143" type="stmt" count="2"/>
      <line num="144" type="stmt" count="2"/>
      <line num="145" type="stmt" count="2"/>
      <line num="146" type="stmt" count="2"/>
      <line num="147" type="stmt" count="2"/>
      <line num="148" type="stmt" count="2"/>
      <metrics loc="151" ncloc="99" classes="1" methods="7" coveredmethods="7" conditionals="0" coveredconditionals="0" statements="38" coveredstatements="38" elements="45" coveredelements="45"/>
    </file>
    <file name="/Users/davidnoleto/Desktop/api-slim4/src/Domain/User/Service/UserCreator.php">
      <class name="App\Domain\User\Service\UserCreator" namespace="global">
        <metrics complexity="3" methods="2" coveredmethods="2" conditionals="0" coveredconditionals="0" statements="13" coveredstatements="13" elements="15" coveredelements="15"/>
      </class>
      <line num="28" type="method" name="__construct" visibility="public" complexity="1" crap="1" count="2"/>
      <line num="33" type="stmt" count="2"/>
      <line num="34" type="stmt" count="2"/>
      <line num="35" type="stmt" count="2"/>
      <line num="36" type="stmt" count="2"/>
      <line num="37" type="stmt" count="2"/>
      <line num="38" type="stmt" count="2"/>
      <line num="47" type="method" name="createUser" visibility="public" complexity="2" crap="2" count="2"/>
      <line num="50" type="stmt" count="2"/>
      <line num="53" type="stmt" count="1"/>
      <line num="56" type="stmt" count="1"/>
      <line num="57" type="stmt" count="1"/>
      <line num="61" type="stmt" count="1"/>
      <line num="64" type="stmt" count="1"/>
      <line num="66" type="stmt" count="1"/>
      <metrics loc="68" ncloc="51" classes="1" methods="2" coveredmethods="2" conditionals="0" coveredconditionals="0" statements="13" coveredstatements="13" elements="15" coveredelements="15"/>
    </file>
    <file name="/Users/davidnoleto/Desktop/api-slim4/src/Domain/User/Service/UserDeleter.php">
      <class name="App\Domain\User\Service\UserDeleter" namespace="global">
        <metrics complexity="2" methods="2" coveredmethods="2" conditionals="0" coveredconditionals="0" statements="4" coveredstatements="4" elements="6" coveredelements="6"/>
      </class>
      <line num="19" type="method" name="__construct" visibility="public" complexity="1" crap="1" count="1"/>
      <line num="21" type="stmt" count="1"/>
      <line num="22" type="stmt" count="1"/>
      <line num="31" type="method" name="deleteUser" visibility="public" complexity="1" crap="1" count="1"/>
      <line num="36" type="stmt" count="1"/>
      <line num="37" type="stmt" count="1"/>
      <metrics loc="38" ncloc="23" classes="1" methods="2" coveredmethods="2" conditionals="0" coveredconditionals="0" statements="4" coveredstatements="4" elements="6" coveredelements="6"/>
    </file>
    <file name="/Users/davidnoleto/Desktop/api-slim4/src/Domain/User/Service/UserFinder.php">
      <class name="App\Domain\User\Service\UserFinder" namespace="global">
        <metrics complexity="2" methods="2" coveredmethods="2" conditionals="0" coveredconditionals="0" statements="3" coveredstatements="3" elements="5" coveredelements="5"/>
      </class>
      <line num="20" type="method" name="__construct" visibility="public" complexity="1" crap="1" count="1"/>
      <line num="22" type="stmt" count="1"/>
      <line num="23" type="stmt" count="1"/>
      <line num="30" type="method" name="findUsers" visibility="public" complexity="1" crap="1" count="1"/>
      <line num="35" type="stmt" count="1"/>
      <metrics loc="37" ncloc="24" classes="1" methods="2" coveredmethods="2" conditionals="0" coveredconditionals="0" statements="3" coveredstatements="3" elements="5" coveredelements="5"/>
    </file>
    <file name="/Users/davidnoleto/Desktop/api-slim4/src/Domain/User/Service/UserReader.php">
      <class name="App\Domain\User\Service\UserReader" namespace="global">
        <metrics complexity="2" methods="2" coveredmethods="2" conditionals="0" coveredconditionals="0" statements="4" coveredstatements="4" elements="6" coveredelements="6"/>
      </class>
      <line num="20" type="method" name="__construct" visibility="public" complexity="1" crap="1" count="2"/>
      <line num="22" type="stmt" count="2"/>
      <line num="23" type="stmt" count="2"/>
      <line num="32" type="method" name="getUserData" visibility="public" complexity="1" crap="1" count="2"/>
      <line num="38" type="stmt" count="2"/>
      <line num="46" type="stmt" count="1"/>
      <metrics loc="48" ncloc="33" classes="1" methods="2" coveredmethods="2" conditionals="0" coveredconditionals="0" statements="4" coveredstatements="4" elements="6" coveredelements="6"/>
    </file>
    <file name="/Users/davidnoleto/Desktop/api-slim4/src/Domain/User/Service/UserUpdater.php">
      <class name="App\Domain\User\Service\UserUpdater" namespace="global">
        <metrics complexity="2" methods="2" coveredmethods="2" conditionals="0" coveredconditionals="0" statements="12" coveredstatements="12" elements="14" coveredelements="14"/>
      </class>
      <line num="28" type="method" name="__construct" visibility="public" complexity="1" crap="1" count="2"/>
      <line num="33" type="stmt" count="2"/>
      <line num="34" type="stmt" count="2"/>
      <line num="35" type="stmt" count="2"/>
      <line num="36" type="stmt" count="2"/>
      <line num="37" type="stmt" count="2"/>
      <line num="38" type="stmt" count="2"/>
      <line num="48" type="method" name="updateUser" visibility="public" complexity="1" crap="1" count="2"/>
      <line num="51" type="stmt" count="2"/>
      <line num="54" type="stmt" count="1"/>
      <line num="55" type="stmt" count="1"/>
      <line num="58" type="stmt" count="1"/>
      <line num="61" type="stmt" count="1"/>
      <line num="62" type="stmt" count="1"/>
      <metrics loc="63" ncloc="45" classes="1" methods="2" coveredmethods="2" conditionals="0" coveredconditionals="0" statements="12" coveredstatements="12" elements="14" coveredelements="14"/>
    </file>
    <file name="/Users/davidnoleto/Desktop/api-slim4/src/Domain/User/Service/UserValidator.php">
      <class name="App\Domain\User\Service\UserValidator" namespace="global">
        <metrics complexity="6" methods="4" coveredmethods="3" conditionals="0" coveredconditionals="0" statements="23" coveredstatements="22" elements="27" coveredelements="25"/>
      </class>
      <line num="26" type="method" name="__construct" visibility="public" complexity="1" crap="1" count="4"/>
      <line num="28" type="stmt" count="4"/>
      <line num="29" type="stmt" count="4"/>
      <line num="30" type="stmt" count="4"/>
      <line num="40" type="method" name="validateUserUpdate" visibility="public" complexity="2" crap="2.06" count="2"/>
      <line num="42" type="stmt" count="2"/>
      <line num="43" type="stmt" count="0"/>
      <line num="46" type="stmt" count="2"/>
      <line num="47" type="stmt" count="1"/>
      <line num="58" type="method" name="validateUser" visibility="public" complexity="2" crap="2" count="4"/>
      <line num="60" type="stmt" count="4"/>
      <line num="62" type="stmt" count="4"/>
      <line num="63" type="stmt" count="4"/>
      <line num="66" type="stmt" count="4"/>
      <line num="67" type="stmt" count="2"/>
      <line num="69" type="stmt" count="2"/>
      <line num="76" type="method" name="createValidator" visibility="private" complexity="1" crap="1" count="4"/>
      <line num="78" type="stmt" count="4"/>
      <line num="81" type="stmt" count="4"/>
      <line num="82" type="stmt" count="4"/>
      <line num="83" type="stmt" count="4"/>
      <line num="84" type="stmt" count="4"/>
      <line num="85" type="stmt" count="4"/>
      <line num="86" type="stmt" count="4"/>
      <line num="87" type="stmt" count="4"/>
      <line num="88" type="stmt" count="4"/>
      <line num="89" type="stmt" count="4"/>
      <metrics loc="91" ncloc="60" classes="1" methods="4" coveredmethods="3" conditionals="0" coveredconditionals="0" statements="23" coveredstatements="22" elements="27" coveredelements="25"/>
    </file>
    <file name="/Users/davidnoleto/Desktop/api-slim4/src/Domain/User/Type/UserRoleType.php">
      <class name="App\Domain\User\Type\UserRoleType" namespace="global">
        <metrics complexity="0" methods="0" coveredmethods="0" conditionals="0" coveredconditionals="0" statements="0" coveredstatements="0" elements="0" coveredelements="0"/>
      </class>
      <metrics loc="15" ncloc="10" classes="0" methods="0" coveredmethods="0" conditionals="0" coveredconditionals="0" statements="0" coveredstatements="0" elements="0" coveredelements="0"/>
    </file>
    <file name="/Users/davidnoleto/Desktop/api-slim4/src/Factory/LoggerFactory.php">
      <class name="App\Factory\LoggerFactory" namespace="global">
        <metrics complexity="9" methods="5" coveredmethods="5" conditionals="0" coveredconditionals="0" statements="23" coveredstatements="23" elements="28" coveredelements="28"/>
      </class>
      <line num="30" type="method" name="__construct" visibility="public" complexity="2" crap="2" count="14"/>
      <line num="32" type="stmt" count="14"/>
      <line num="33" type="stmt" count="14"/>
      <line num="36" type="stmt" count="14"/>
      <line num="37" type="stmt" count="13"/>
      <line num="39" type="stmt" count="14"/>
      <line num="48" type="method" name="createLogger" visibility="public" complexity="4" crap="4" count="14"/>
      <line num="50" type="stmt" count="14"/>
      <line num="51" type="stmt" count="13"/>
      <line num="54" type="stmt" count="1"/>
      <line num="56" type="stmt" count="1"/>
      <line num="57" type="stmt" count="1"/>
      <line num="60" type="stmt" count="1"/>
      <line num="62" type="stmt" count="1"/>
      <line num="72" type="method" name="addHandler" visibility="public" complexity="1" crap="1" count="14"/>
      <line num="74" type="stmt" count="14"/>
      <line num="76" type="stmt" count="14"/>
      <line num="87" type="method" name="addFileHandler" visibility="public" complexity="1" crap="1" count="14"/>
      <line num="89" type="stmt" count="14"/>
      <line num="90" type="stmt" count="14"/>
      <line num="93" type="stmt" count="14"/>
      <line num="95" type="stmt" count="14"/>
      <line num="97" type="stmt" count="14"/>
      <line num="107" type="method" name="addConsoleHandler" visibility="public" complexity="1" crap="1" count="1"/>
      <line num="109" type="stmt" count="1"/>
      <line num="110" type="stmt" count="1"/>
      <line num="112" type="stmt" count="1"/>
      <line num="114" type="stmt" count="1"/>
      <metrics loc="116" ncloc="79" classes="1" methods="5" coveredmethods="5" conditionals="0" coveredconditionals="0" statements="23" coveredstatements="23" elements="28" coveredelements="28"/>
    </file>
    <file name="/Users/davidnoleto/Desktop/api-slim4/src/Factory/QueryFactory.php">
      <class name="App\Factory\QueryFactory" namespace="global">
        <metrics complexity="6" methods="6" coveredmethods="6" conditionals="0" coveredconditionals="0" statements="9" coveredstatements="9" elements="15" coveredelements="15"/>
      </class>
      <line num="21" type="method" name="__construct" visibility="public" complexity="1" crap="1" count="8"/>
      <line num="23" type="stmt" count="8"/>
      <line num="24" type="stmt" count="8"/>
      <line num="35" type="method" name="newSelect" visibility="public" complexity="1" crap="1" count="5"/>
      <line num="37" type="stmt" count="5"/>
      <line num="45" type="method" name="newQuery" visibility="public" complexity="1" crap="1" count="7"/>
      <line num="47" type="stmt" count="7"/>
      <line num="58" type="method" name="newUpdate" visibility="public" complexity="1" crap="1" count="1"/>
      <line num="60" type="stmt" count="1"/>
      <line num="71" type="method" name="newInsert" visibility="public" complexity="1" crap="1" count="1"/>
      <line num="73" type="stmt" count="1"/>
      <line num="74" type="stmt" count="1"/>
      <line num="75" type="stmt" count="1"/>
      <line num="85" type="method" name="newDelete" visibility="public" complexity="1" crap="1" count="1"/>
      <line num="87" type="stmt" count="1"/>
      <metrics loc="89" ncloc="44" classes="1" methods="6" coveredmethods="6" conditionals="0" coveredconditionals="0" statements="9" coveredstatements="9" elements="15" coveredelements="15"/>
    </file>
    <file name="/Users/davidnoleto/Desktop/api-slim4/src/Factory/ValidationFactory.php">
      <class name="App\Factory\ValidationFactory" namespace="global">
        <metrics complexity="2" methods="2" coveredmethods="2" conditionals="0" coveredconditionals="0" statements="2" coveredstatements="2" elements="4" coveredelements="4"/>
      </class>
      <line num="19" type="method" name="createValidator" visibility="public" complexity="1" crap="1" count="4"/>
      <line num="21" type="stmt" count="4"/>
      <line num="31" type="method" name="createValidationResult" visibility="public" complexity="1" crap="1" count="4"/>
      <line num="33" type="stmt" count="4"/>
      <metrics loc="35" ncloc="20" classes="1" methods="2" coveredmethods="2" conditionals="0" coveredconditionals="0" statements="2" coveredstatements="2" elements="4" coveredelements="4"/>
    </file>
    <file name="/Users/davidnoleto/Desktop/api-slim4/src/Handler/DefaultErrorHandler.php">
      <class name="App\Handler\DefaultErrorHandler" namespace="global">
        <metrics complexity="12" methods="5" coveredmethods="3" conditionals="0" coveredconditionals="0" statements="46" coveredstatements="44" elements="51" coveredelements="47"/>
      </class>
      <line num="35" type="method" name="__construct" visibility="public" complexity="1" crap="1" count="13"/>
      <line num="40" type="stmt" count="13"/>
      <line num="41" type="stmt" count="13"/>
      <line num="42" type="stmt" count="13"/>
      <line num="43" type="stmt" count="13"/>
      <line num="44" type="stmt" count="13"/>
      <line num="45" type="stmt" count="13"/>
      <line num="57" type="method" name="__invoke" visibility="public" complexity="2" crap="2" count="2"/>
      <line num="64" type="stmt" count="2"/>
      <line num="65" type="stmt" count="2"/>
      <line num="66" type="stmt" count="2"/>
      <line num="67" type="stmt" count="2"/>
      <line num="68" type="stmt" count="2"/>
      <line num="69" type="stmt" count="2"/>
      <line num="70" type="stmt" count="2"/>
      <line num="71" type="stmt" count="2"/>
      <line num="77" type="stmt" count="2"/>
      <line num="80" type="stmt" count="2"/>
      <line num="83" type="stmt" count="2"/>
      <line num="84" type="stmt" count="2"/>
      <line num="86" type="stmt" count="2"/>
      <line num="90" type="stmt" count="2"/>
      <line num="100" type="method" name="getHttpStatusCode" visibility="private" complexity="5" crap="5.03" count="2"/>
      <line num="103" type="stmt" count="2"/>
      <line num="105" type="stmt" count="2"/>
      <line num="106" type="stmt" count="1"/>
      <line num="109" type="stmt" count="2"/>
      <line num="111" type="stmt" count="1"/>
      <line num="114" type="stmt" count="2"/>
      <line num="115" type="stmt" count="2"/>
      <line num="116" type="stmt" count="0"/>
      <line num="119" type="stmt" count="2"/>
      <line num="131" type="method" name="getErrorMessage" visibility="private" complexity="2" crap="2" count="2"/>
      <line num="133" type="stmt" count="2"/>
      <line num="134" type="stmt" count="2"/>
      <line num="136" type="stmt" count="2"/>
      <line num="137" type="stmt" count="2"/>
      <line num="138" type="stmt" count="2"/>
      <line num="140" type="stmt" count="2"/>
      <line num="144" type="stmt" count="2"/>
      <line num="155" type="method" name="getExceptionText" visibility="private" complexity="2" crap="2.00" count="2"/>
      <line num="157" type="stmt" count="2"/>
      <line num="158" type="stmt" count="2"/>
      <line num="159" type="stmt" count="2"/>
      <line num="160" type="stmt" count="2"/>
      <line num="161" type="stmt" count="2"/>
      <line num="162" type="stmt" count="2"/>
      <line num="163" type="stmt" count="2"/>
      <line num="165" type="stmt" count="2"/>
      <line num="166" type="stmt" count="0"/>
      <line num="169" type="stmt" count="2"/>
      <metrics loc="171" ncloc="127" classes="1" methods="5" coveredmethods="3" conditionals="0" coveredconditionals="0" statements="46" coveredstatements="44" elements="51" coveredelements="47"/>
    </file>
    <file name="/Users/davidnoleto/Desktop/api-slim4/src/Responder/Responder.php">
      <class name="App\Responder\Responder" namespace="global">
        <metrics complexity="7" methods="6" coveredmethods="5" conditionals="0" coveredconditionals="0" statements="13" coveredstatements="12" elements="19" coveredelements="17"/>
      </class>
      <line num="29" type="method" name="__construct" visibility="public" complexity="1" crap="1" count="16"/>
      <line num="34" type="stmt" count="16"/>
      <line num="35" type="stmt" count="16"/>
      <line num="36" type="stmt" count="16"/>
      <line num="37" type="stmt" count="16"/>
      <line num="44" type="method" name="createResponse" visibility="public" complexity="1" crap="2" count="0"/>
      <line num="46" type="stmt" count="0"/>
      <line num="58" type="method" name="withTemplate" visibility="public" complexity="1" crap="1" count="1"/>
      <line num="60" type="stmt" count="1"/>
      <line num="75" type="method" name="withRedirect" visibility="public" complexity="2" crap="2" count="4"/>
      <line num="80" type="stmt" count="4"/>
      <line num="81" type="stmt" count="1"/>
      <line num="84" type="stmt" count="4"/>
      <line num="100" type="method" name="withRedirectFor" visibility="public" complexity="1" crap="1" count="2"/>
      <line num="106" type="stmt" count="2"/>
      <line num="121" type="method" name="withJson" visibility="public" complexity="1" crap="1" count="8"/>
      <line num="126" type="stmt" count="8"/>
      <line num="127" type="stmt" count="8"/>
      <line num="129" type="stmt" count="8"/>
      <metrics loc="131" ncloc="70" classes="1" methods="6" coveredmethods="5" conditionals="0" coveredconditionals="0" statements="13" coveredstatements="12" elements="19" coveredelements="17"/>
    </file>
    <file name="/Users/davidnoleto/Desktop/api-slim4/src/Support/Hydrator.php">
      <class name="App\Support\Hydrator" namespace="global">
        <metrics complexity="2" methods="1" coveredmethods="1" conditionals="0" coveredconditionals="0" statements="4" coveredstatements="4" elements="5" coveredelements="5"/>
      </class>
      <line num="20" type="method" name="hydrate" visibility="public" complexity="2" crap="2" count="1"/>
      <line num="23" type="stmt" count="1"/>
      <line num="25" type="stmt" count="1"/>
      <line num="26" type="stmt" count="1"/>
      <line num="29" type="stmt" count="1"/>
      <metrics loc="31" ncloc="18" classes="1" methods="1" coveredmethods="1" conditionals="0" coveredconditionals="0" statements="4" coveredstatements="4" elements="5" coveredelements="5"/>
    </file>
    <metrics files="28" loc="1986" ncloc="1320" classes="27" methods="81" coveredmethods="61" conditionals="0" coveredconditionals="0" statements="357" coveredstatements="274" elements="438" coveredelements="335"/>
  </project>
</coverage>
